<?xml version="1.0" encoding="UTF-8"?>
<!-- Generated by org.testng.reporters.JUnitReportReporter -->
<testsuite hostname="DESKTOP-OAVT275" failures="0" tests="2" name="com.http.methods.testing.TestNGAPI" time="1.679" errors="0" timestamp="29 Jan 2021 04:22:57 GMT" skipped="0">
  <testcase classname="com.http.methods.testing.TestNGAPI" name="statusvalue" time="1.454"/>
  <testcase classname="com.http.methods.testing.TestNGAPI" name="checkdata" time="0.225"/>
</testsuite> <!-- com.http.methods.testing.TestNGAPI -->
